  CppNetServer.cpp
e:\github\cppnet\base\memarypool.h(114): error C2027: 使用了未定义类型“cppnet::CEventHandler”
  e:\github\cppnet\net\socket.h(12): note: 参见“cppnet::CEventHandler”的声明
  e:\github\cppnet\base\poolsharedptr.h(369): note: 参见对正在编译的函数 模板 实例化“void base::CMemoryPool::PoolDelete<T>(T *&)”的引用
          with
          [
              T=cppnet::CEventHandler
          ]
  e:\github\cppnet\base\poolsharedptr.h(356): note: 编译 类 模板 成员函数 "void base::CBasePtr<T>::_Destroy(void) noexcept" 时
          with
          [
              T=cppnet::CEventHandler
          ]
  e:\github\cppnet\base\poolsharedptr.h(292): note: 参见对正在编译的函数 模板 实例化“void base::CBasePtr<T>::_Destroy(void) noexcept”的引用
          with
          [
              T=cppnet::CEventHandler
          ]
  e:\github\cppnet\base\poolsharedptr.h(396): note: 参见对正在编译的 类 模板 实例化 "base::CBasePtr<T>" 的引用
          with
          [
              T=cppnet::CEventHandler
          ]
  e:\github\cppnet\net\socket.h(52): note: 参见对正在编译的 类 模板 实例化 "base::CMemSharePtr<cppnet::CEventHandler>" 的引用
e:\github\cppnet\base\memarypool.h(116): error C2027: 使用了未定义类型“cppnet::CEventHandler”
  e:\github\cppnet\net\socket.h(12): note: 参见“cppnet::CEventHandler”的声明
e:\github\cppnet\base\memarypool.h(125): error C2027: 使用了未定义类型“cppnet::CEventHandler”
  e:\github\cppnet\net\socket.h(12): note: 参见“cppnet::CEventHandler”的声明
